User Initialized
User Initialized
User mood added successfully
User Initialized
User Initialized
Logged out user successfully
User with 113358264175618603101 Authenticated successfully
User Initialized
User Initialized
User Initialized
Logged out user successfully
User with ID: 113358264175618603101 Authenticated successfully
User Initialized
User Initialized
User Initialized
Logged out user successfully
User with ID: 113358264175618603101 Authenticated successfully
User Initialized
User Initialized
User mood added successfully
User Initialized
User Initialized
User Initialized
Logged out user successfully
